[2025-10-24T16:51:00Z DEBUG cosmic_wanderer] Load entries taken: 1.635720665s
[2025-10-24T16:51:00Z DEBUG cosmic_wanderer] init watcher taken: 1.637644484s
[2025-10-24T16:51:00Z DEBUG cosmic_wanderer] init window taken: 1.726288527s
[2025-10-24T16:51:00Z DEBUG cosmic_wanderer] set theme taken: 1.726314815s
[2025-10-24T16:51:00Z DEBUG cosmic_wanderer] written app items taken: 1.780685375s
[2025-10-24T16:51:00Z DEBUG cosmic_wanderer] Parking thread.
[2025-10-24T16:51:00Z DEBUG cosmic_wanderer] Time taken: 1.925135951s
[2025-10-24T16:51:01Z DEBUG cosmic_wanderer] blocking Ui
[2025-10-24T16:51:09Z DEBUG cosmic_wanderer] Thread unparked
[2025-10-24T16:51:09Z DEBUG cosmic_wanderer] notified
[2025-10-24T16:51:09Z DEBUG cosmic_wanderer] waking Ui
[2025-10-24T16:51:11Z DEBUG cosmic_wanderer] launched command: "/usr/lib/firefox/firefox"
[2025-10-24T16:51:11Z DEBUG cosmic_wanderer] Parking thread.
[2025-10-24T16:51:11Z DEBUG cosmic_wanderer] Thread unparked
[2025-10-24T16:51:11Z DEBUG cosmic_wanderer] notified
[2025-10-24T16:51:12Z DEBUG cosmic_wanderer] launched command: "/usr/bin/vesktop"
[2025-10-24T16:51:12Z DEBUG cosmic_wanderer] Parking thread.
[2025-10-24T16:51:12Z DEBUG cosmic_wanderer] blocking Ui
[2025-10-24T16:51:13Z DEBUG cosmic_wanderer] Thread unparked
[2025-10-24T16:51:13Z DEBUG cosmic_wanderer] notified
[2025-10-24T16:51:13Z DEBUG cosmic_wanderer] waking Ui
[2025-10-24T16:51:13Z DEBUG cosmic_wanderer] Parking thread.
[2025-10-24T16:51:13Z DEBUG cosmic_wanderer] blocking Ui
[2025-10-24T16:51:13Z DEBUG cosmic_wanderer] Thread unparked
[2025-10-24T16:51:13Z DEBUG cosmic_wanderer] notified
[2025-10-24T16:51:13Z DEBUG cosmic_wanderer] waking Ui
[2025-10-24T16:51:17Z DEBUG cosmic_wanderer] Parking thread.
[2025-10-24T16:51:18Z DEBUG cosmic_wanderer] blocking Ui
[2025-10-24T16:56:07Z DEBUG cosmic_wanderer] Thread unparked
[2025-10-24T16:56:07Z DEBUG cosmic_wanderer] notified
[2025-10-24T16:56:07Z DEBUG cosmic_wanderer] waking Ui
[2025-10-24T16:56:10Z DEBUG cosmic_wanderer] launched command: "env" "prime-run" "code"
[2025-10-24T16:56:10Z DEBUG cosmic_wanderer] Parking thread.
[2025-10-24T16:56:10Z DEBUG cosmic_wanderer] blocking Ui
